<?xml version="1.0" encoding="UTF-8"?>
<!-- Generated by org.testng.reporters.JUnitReportReporter -->
<testsuite skipped="0" hostname="DESKTOP-N1POFP7" name="Training.Baseclass" tests="1" failures="0" timestamp="2023-03-24T17:34:34 IST" time="12.120" errors="0">
  <testcase name="invoke" time="12.120" classname="Training.Baseclass"/>
  <system-out/>
</testsuite> <!-- Training.Baseclass -->
