<?xml version="1.0" encoding="UTF-8"?>
<testsuite xmlns:xsi="http://www.w3.org/2001/XMLSchema-instance" xsi:noNamespaceSchemaLocation="https://maven.apache.org/surefire/maven-surefire-plugin/xsd/surefire-test-report.xsd" name="TestSuite" time="15.168" tests="1" errors="0" skipped="0" failures="0">
  <properties>
    <property name="sun.desktop" value="windows"/>
    <property name="awt.toolkit" value="sun.awt.windows.WToolkit"/>
    <property name="java.specification.version" value="11"/>
    <property name="sun.cpu.isalist" value="amd64"/>
    <property name="sun.jnu.encoding" value="Cp1252"/>
    <property name="java.class.path" value="C:\Users\Digient Laptop 42\eclipse-workspaceJose\Cicd\target\test-classes;C:\Users\Digient Laptop 42\eclipse-workspaceJose\Cicd\target\classes;C:\Users\Digient Laptop 42\.m2\repository\org\seleniumhq\selenium\selenium-java\3.141.59\selenium-java-3.141.59.jar;C:\Users\Digient Laptop 42\.m2\repository\org\seleniumhq\selenium\selenium-api\3.141.59\selenium-api-3.141.59.jar;C:\Users\Digient Laptop 42\.m2\repository\org\seleniumhq\selenium\selenium-chrome-driver\3.141.59\selenium-chrome-driver-3.141.59.jar;C:\Users\Digient Laptop 42\.m2\repository\org\seleniumhq\selenium\selenium-edge-driver\3.141.59\selenium-edge-driver-3.141.59.jar;C:\Users\Digient Laptop 42\.m2\repository\org\seleniumhq\selenium\selenium-firefox-driver\3.141.59\selenium-firefox-driver-3.141.59.jar;C:\Users\Digient Laptop 42\.m2\repository\org\seleniumhq\selenium\selenium-ie-driver\3.141.59\selenium-ie-driver-3.141.59.jar;C:\Users\Digient Laptop 42\.m2\repository\org\seleniumhq\selenium\selenium-opera-driver\3.141.59\selenium-opera-driver-3.141.59.jar;C:\Users\Digient Laptop 42\.m2\repository\org\seleniumhq\selenium\selenium-remote-driver\3.141.59\selenium-remote-driver-3.141.59.jar;C:\Users\Digient Laptop 42\.m2\repository\org\seleniumhq\selenium\selenium-safari-driver\3.141.59\selenium-safari-driver-3.141.59.jar;C:\Users\Digient Laptop 42\.m2\repository\org\seleniumhq\selenium\selenium-support\3.141.59\selenium-support-3.141.59.jar;C:\Users\Digient Laptop 42\.m2\repository\net\bytebuddy\byte-buddy\1.8.15\byte-buddy-1.8.15.jar;C:\Users\Digient Laptop 42\.m2\repository\org\apache\commons\commons-exec\1.3\commons-exec-1.3.jar;C:\Users\Digient Laptop 42\.m2\repository\com\google\guava\guava\25.0-jre\guava-25.0-jre.jar;C:\Users\Digient Laptop 42\.m2\repository\com\google\code\findbugs\jsr305\1.3.9\jsr305-1.3.9.jar;C:\Users\Digient Laptop 42\.m2\repository\org\checkerframework\checker-compat-qual\2.0.0\checker-compat-qual-2.0.0.jar;C:\Users\Digient Laptop 42\.m2\repository\com\google\errorprone\error_prone_annotations\2.1.3\error_prone_annotations-2.1.3.jar;C:\Users\Digient Laptop 42\.m2\repository\com\google\j2objc\j2objc-annotations\1.1\j2objc-annotations-1.1.jar;C:\Users\Digient Laptop 42\.m2\repository\org\codehaus\mojo\animal-sniffer-annotations\1.14\animal-sniffer-annotations-1.14.jar;C:\Users\Digient Laptop 42\.m2\repository\com\squareup\okhttp3\okhttp\3.11.0\okhttp-3.11.0.jar;C:\Users\Digient Laptop 42\.m2\repository\com\squareup\okio\okio\1.14.0\okio-1.14.0.jar;C:\Users\Digient Laptop 42\.m2\repository\org\apache\poi\poi\3.11\poi-3.11.jar;C:\Users\Digient Laptop 42\.m2\repository\commons-codec\commons-codec\1.9\commons-codec-1.9.jar;C:\Users\Digient Laptop 42\.m2\repository\io\github\bonigarcia\webdrivermanager\4.4.3\webdrivermanager-4.4.3.jar;C:\Users\Digient Laptop 42\.m2\repository\org\slf4j\slf4j-api\1.7.30\slf4j-api-1.7.30.jar;C:\Users\Digient Laptop 42\.m2\repository\com\google\code\gson\gson\2.8.6\gson-2.8.6.jar;C:\Users\Digient Laptop 42\.m2\repository\org\apache\commons\commons-lang3\3.12.0\commons-lang3-3.12.0.jar;C:\Users\Digient Laptop 42\.m2\repository\org\apache\httpcomponents\client5\httpclient5\5.0.3\httpclient5-5.0.3.jar;C:\Users\Digient Laptop 42\.m2\repository\org\apache\httpcomponents\core5\httpcore5\5.0.2\httpcore5-5.0.2.jar;C:\Users\Digient Laptop 42\.m2\repository\org\apache\httpcomponents\core5\httpcore5-h2\5.0.2\httpcore5-h2-5.0.2.jar;C:\Users\Digient Laptop 42\.m2\repository\org\rauschig\jarchivelib\1.1.0\jarchivelib-1.1.0.jar;C:\Users\Digient Laptop 42\.m2\repository\org\apache\commons\commons-compress\1.20\commons-compress-1.20.jar;C:\Users\Digient Laptop 42\.m2\repository\org\jsoup\jsoup\1.13.1\jsoup-1.13.1.jar;C:\Users\Digient Laptop 42\.m2\repository\org\apache\poi\poi-ooxml\3.11\poi-ooxml-3.11.jar;C:\Users\Digient Laptop 42\.m2\repository\org\apache\poi\poi-ooxml-schemas\3.11\poi-ooxml-schemas-3.11.jar;C:\Users\Digient Laptop 42\.m2\repository\org\apache\xmlbeans\xmlbeans\2.6.0\xmlbeans-2.6.0.jar;C:\Users\Digient Laptop 42\.m2\repository\stax\stax-api\1.0.1\stax-api-1.0.1.jar;C:\Users\Digient Laptop 42\.m2\repository\junit\junit\4.12\junit-4.12.jar;C:\Users\Digient Laptop 42\.m2\repository\org\hamcrest\hamcrest-core\1.3\hamcrest-core-1.3.jar;C:\Users\Digient Laptop 42\.m2\repository\com\codoid\products\fillo\1.16\fillo-1.16.jar;C:\Users\Digient Laptop 42\.m2\repository\com\aventstack\extentreports\3.1.5\extentreports-3.1.5.jar;C:\Users\Digient Laptop 42\.m2\repository\org\freemarker\freemarker\2.3.23\freemarker-2.3.23.jar;C:\Users\Digient Laptop 42\.m2\repository\org\mongodb\mongodb-driver\3.3.0\mongodb-driver-3.3.0.jar;C:\Users\Digient Laptop 42\.m2\repository\org\mongodb\bson\3.3.0\bson-3.3.0.jar;C:\Users\Digient Laptop 42\.m2\repository\org\mongodb\mongodb-driver-core\3.3.0\mongodb-driver-core-3.3.0.jar;C:\Users\Digient Laptop 42\.m2\repository\org\apache\httpcomponents\httpclient\4.5.2\httpclient-4.5.2.jar;C:\Users\Digient Laptop 42\.m2\repository\org\apache\httpcomponents\httpcore\4.4.4\httpcore-4.4.4.jar;C:\Users\Digient Laptop 42\.m2\repository\org\apache\httpcomponents\httpmime\4.5.2\httpmime-4.5.2.jar;C:\Users\Digient Laptop 42\.m2\repository\com\relevantcodes\extentreports\2.41.2\extentreports-2.41.2.jar;C:\Users\Digient Laptop 42\.m2\repository\org\xerial\sqlite-jdbc\3.8.11.1\sqlite-jdbc-3.8.11.1.jar;C:\Users\Digient Laptop 42\.m2\repository\commons-io\commons-io\2.6\commons-io-2.6.jar;C:\Users\Digient Laptop 42\.m2\repository\org\json\json\20090211\json-20090211.jar;C:\Users\Digient Laptop 42\.m2\repository\com\googlecode\json-simple\json-simple\1.1\json-simple-1.1.jar;C:\Users\Digient Laptop 42\.m2\repository\com\sun\mail\javax.mail\1.6.1\javax.mail-1.6.1.jar;C:\Users\Digient Laptop 42\.m2\repository\javax\activation\activation\1.1\activation-1.1.jar;C:\Users\Digient Laptop 42\.m2\repository\org\apache\pdfbox\pdfbox\2.0.16\pdfbox-2.0.16.jar;C:\Users\Digient Laptop 42\.m2\repository\org\apache\pdfbox\fontbox\2.0.16\fontbox-2.0.16.jar;C:\Users\Digient Laptop 42\.m2\repository\commons-logging\commons-logging\1.2\commons-logging-1.2.jar;C:\Users\Digient Laptop 42\.m2\repository\com\google\zxing\core\3.4.0\core-3.4.0.jar;C:\Users\Digient Laptop 42\.m2\repository\com\google\zxing\javase\3.4.0\javase-3.4.0.jar;C:\Users\Digient Laptop 42\.m2\repository\com\beust\jcommander\1.72\jcommander-1.72.jar;C:\Users\Digient Laptop 42\.m2\repository\com\github\jai-imageio\jai-imageio-core\1.4.0\jai-imageio-core-1.4.0.jar;C:\Users\Digient Laptop 42\.m2\repository\org\testng\testng\6.14.3\testng-6.14.3.jar;C:\Users\Digient Laptop 42\.m2\repository\org\apache-extras\beanshell\bsh\2.0b6\bsh-2.0b6.jar;C:\Users\Digient Laptop 42\.m2\repository\com\sikulix\sikulixapi\1.1.1\sikulixapi-1.1.1.jar;C:\Users\Digient Laptop 42\.m2\repository\commons-cli\commons-cli\1.2\commons-cli-1.2.jar;C:\Users\Digient Laptop 42\.m2\repository\commons-net\commons-net\3.4\commons-net-3.4.jar;C:\Users\Digient Laptop 42\.m2\repository\com\melloware\jintellitype\1.3.9\jintellitype-1.3.9.jar;C:\Users\Digient Laptop 42\.m2\repository\com\nativelibs4java\bridj\0.7.0\bridj-0.7.0.jar;C:\Users\Digient Laptop 42\.m2\repository\com\google\android\tools\dx\1.7\dx-1.7.jar;C:\Users\Digient Laptop 42\.m2\repository\com\sikulix\sikulixlibswin\1.1.1\sikulixlibswin-1.1.1.jar;C:\Users\Digient Laptop 42\.m2\repository\com\sikulix\sikulix1tigervnc\1.1.1\sikulix1tigervnc-1.1.1.jar;C:\Users\Digient Laptop 42\.m2\repository\ru\yandex\qatools\ashot\ashot\1.5.3\ashot-1.5.3.jar;C:\Users\Digient Laptop 42\.m2\repository\com\googlecode\lambdaj\lambdaj\2.3.3\lambdaj-2.3.3.jar;C:\Users\Digient Laptop 42\.m2\repository\org\hamcrest\hamcrest-all\1.1\hamcrest-all-1.1.jar;C:\Users\Digient Laptop 42\.m2\repository\org\objenesis\objenesis\1.2\objenesis-1.2.jar;C:\Users\Digient Laptop 42\.m2\repository\cglib\cglib-nodep\2.2\cglib-nodep-2.2.jar;C:\Users\Digient Laptop 42\.m2\repository\org\apache\maven\surefire\surefire-testng-utils\2.22.0\surefire-testng-utils-2.22.0.jar;C:\Users\Digient Laptop 42\.m2\repository\org\apache\maven\surefire\surefire-grouper\2.22.0\surefire-grouper-2.22.0.jar;"/>
    <property name="java.vm.vendor" value="Oracle Corporation"/>
    <property name="sun.arch.data.model" value="64"/>
    <property name="user.variant" value=""/>
    <property name="java.vendor.url" value="https://openjdk.java.net/"/>
    <property name="user.timezone" value="Asia/Calcutta"/>
    <property name="java.vm.specification.version" value="11"/>
    <property name="os.name" value="Windows 10"/>
    <property name="sun.java.launcher" value="SUN_STANDARD"/>
    <property name="user.country" value="IN"/>
    <property name="sun.boot.library.path" value="C:\Program Files\Java\jdk-11.0.17\bin"/>
    <property name="sun.java.command" value="C:\Users\DIGIEN~1\AppData\Local\Temp\surefire16444006760334110313\surefirebooter6286678768218407209.jar C:\Users\Digient Laptop 42\AppData\Local\Temp\surefire16444006760334110313 2023-03-24T17-48-12_350-jvmRun1 surefire16621453868296261465tmp surefire_018308468657302791690tmp"/>
    <property name="jdk.debug" value="release"/>
    <property name="surefire.test.class.path" value="C:\Users\Digient Laptop 42\eclipse-workspaceJose\Cicd\target\test-classes;C:\Users\Digient Laptop 42\eclipse-workspaceJose\Cicd\target\classes;C:\Users\Digient Laptop 42\.m2\repository\org\seleniumhq\selenium\selenium-java\3.141.59\selenium-java-3.141.59.jar;C:\Users\Digient Laptop 42\.m2\repository\org\seleniumhq\selenium\selenium-api\3.141.59\selenium-api-3.141.59.jar;C:\Users\Digient Laptop 42\.m2\repository\org\seleniumhq\selenium\selenium-chrome-driver\3.141.59\selenium-chrome-driver-3.141.59.jar;C:\Users\Digient Laptop 42\.m2\repository\org\seleniumhq\selenium\selenium-edge-driver\3.141.59\selenium-edge-driver-3.141.59.jar;C:\Users\Digient Laptop 42\.m2\repository\org\seleniumhq\selenium\selenium-firefox-driver\3.141.59\selenium-firefox-driver-3.141.59.jar;C:\Users\Digient Laptop 42\.m2\repository\org\seleniumhq\selenium\selenium-ie-driver\3.141.59\selenium-ie-driver-3.141.59.jar;C:\Users\Digient Laptop 42\.m2\repository\org\seleniumhq\selenium\selenium-opera-driver\3.141.59\selenium-opera-driver-3.141.59.jar;C:\Users\Digient Laptop 42\.m2\repository\org\seleniumhq\selenium\selenium-remote-driver\3.141.59\selenium-remote-driver-3.141.59.jar;C:\Users\Digient Laptop 42\.m2\repository\org\seleniumhq\selenium\selenium-safari-driver\3.141.59\selenium-safari-driver-3.141.59.jar;C:\Users\Digient Laptop 42\.m2\repository\org\seleniumhq\selenium\selenium-support\3.141.59\selenium-support-3.141.59.jar;C:\Users\Digient Laptop 42\.m2\repository\net\bytebuddy\byte-buddy\1.8.15\byte-buddy-1.8.15.jar;C:\Users\Digient Laptop 42\.m2\repository\org\apache\commons\commons-exec\1.3\commons-exec-1.3.jar;C:\Users\Digient Laptop 42\.m2\repository\com\google\guava\guava\25.0-jre\guava-25.0-jre.jar;C:\Users\Digient Laptop 42\.m2\repository\com\google\code\findbugs\jsr305\1.3.9\jsr305-1.3.9.jar;C:\Users\Digient Laptop 42\.m2\repository\org\checkerframework\checker-compat-qual\2.0.0\checker-compat-qual-2.0.0.jar;C:\Users\Digient Laptop 42\.m2\repository\com\google\errorprone\error_prone_annotations\2.1.3\error_prone_annotations-2.1.3.jar;C:\Users\Digient Laptop 42\.m2\repository\com\google\j2objc\j2objc-annotations\1.1\j2objc-annotations-1.1.jar;C:\Users\Digient Laptop 42\.m2\repository\org\codehaus\mojo\animal-sniffer-annotations\1.14\animal-sniffer-annotations-1.14.jar;C:\Users\Digient Laptop 42\.m2\repository\com\squareup\okhttp3\okhttp\3.11.0\okhttp-3.11.0.jar;C:\Users\Digient Laptop 42\.m2\repository\com\squareup\okio\okio\1.14.0\okio-1.14.0.jar;C:\Users\Digient Laptop 42\.m2\repository\org\apache\poi\poi\3.11\poi-3.11.jar;C:\Users\Digient Laptop 42\.m2\repository\commons-codec\commons-codec\1.9\commons-codec-1.9.jar;C:\Users\Digient Laptop 42\.m2\repository\io\github\bonigarcia\webdrivermanager\4.4.3\webdrivermanager-4.4.3.jar;C:\Users\Digient Laptop 42\.m2\repository\org\slf4j\slf4j-api\1.7.30\slf4j-api-1.7.30.jar;C:\Users\Digient Laptop 42\.m2\repository\com\google\code\gson\gson\2.8.6\gson-2.8.6.jar;C:\Users\Digient Laptop 42\.m2\repository\org\apache\commons\commons-lang3\3.12.0\commons-lang3-3.12.0.jar;C:\Users\Digient Laptop 42\.m2\repository\org\apache\httpcomponents\client5\httpclient5\5.0.3\httpclient5-5.0.3.jar;C:\Users\Digient Laptop 42\.m2\repository\org\apache\httpcomponents\core5\httpcore5\5.0.2\httpcore5-5.0.2.jar;C:\Users\Digient Laptop 42\.m2\repository\org\apache\httpcomponents\core5\httpcore5-h2\5.0.2\httpcore5-h2-5.0.2.jar;C:\Users\Digient Laptop 42\.m2\repository\org\rauschig\jarchivelib\1.1.0\jarchivelib-1.1.0.jar;C:\Users\Digient Laptop 42\.m2\repository\org\apache\commons\commons-compress\1.20\commons-compress-1.20.jar;C:\Users\Digient Laptop 42\.m2\repository\org\jsoup\jsoup\1.13.1\jsoup-1.13.1.jar;C:\Users\Digient Laptop 42\.m2\repository\org\apache\poi\poi-ooxml\3.11\poi-ooxml-3.11.jar;C:\Users\Digient Laptop 42\.m2\repository\org\apache\poi\poi-ooxml-schemas\3.11\poi-ooxml-schemas-3.11.jar;C:\Users\Digient Laptop 42\.m2\repository\org\apache\xmlbeans\xmlbeans\2.6.0\xmlbeans-2.6.0.jar;C:\Users\Digient Laptop 42\.m2\repository\stax\stax-api\1.0.1\stax-api-1.0.1.jar;C:\Users\Digient Laptop 42\.m2\repository\junit\junit\4.12\junit-4.12.jar;C:\Users\Digient Laptop 42\.m2\repository\org\hamcrest\hamcrest-core\1.3\hamcrest-core-1.3.jar;C:\Users\Digient Laptop 42\.m2\repository\com\codoid\products\fillo\1.16\fillo-1.16.jar;C:\Users\Digient Laptop 42\.m2\repository\com\aventstack\extentreports\3.1.5\extentreports-3.1.5.jar;C:\Users\Digient Laptop 42\.m2\repository\org\freemarker\freemarker\2.3.23\freemarker-2.3.23.jar;C:\Users\Digient Laptop 42\.m2\repository\org\mongodb\mongodb-driver\3.3.0\mongodb-driver-3.3.0.jar;C:\Users\Digient Laptop 42\.m2\repository\org\mongodb\bson\3.3.0\bson-3.3.0.jar;C:\Users\Digient Laptop 42\.m2\repository\org\mongodb\mongodb-driver-core\3.3.0\mongodb-driver-core-3.3.0.jar;C:\Users\Digient Laptop 42\.m2\repository\org\apache\httpcomponents\httpclient\4.5.2\httpclient-4.5.2.jar;C:\Users\Digient Laptop 42\.m2\repository\org\apache\httpcomponents\httpcore\4.4.4\httpcore-4.4.4.jar;C:\Users\Digient Laptop 42\.m2\repository\org\apache\httpcomponents\httpmime\4.5.2\httpmime-4.5.2.jar;C:\Users\Digient Laptop 42\.m2\repository\com\relevantcodes\extentreports\2.41.2\extentreports-2.41.2.jar;C:\Users\Digient Laptop 42\.m2\repository\org\xerial\sqlite-jdbc\3.8.11.1\sqlite-jdbc-3.8.11.1.jar;C:\Users\Digient Laptop 42\.m2\repository\commons-io\commons-io\2.6\commons-io-2.6.jar;C:\Users\Digient Laptop 42\.m2\repository\org\json\json\20090211\json-20090211.jar;C:\Users\Digient Laptop 42\.m2\repository\com\googlecode\json-simple\json-simple\1.1\json-simple-1.1.jar;C:\Users\Digient Laptop 42\.m2\repository\com\sun\mail\javax.mail\1.6.1\javax.mail-1.6.1.jar;C:\Users\Digient Laptop 42\.m2\repository\javax\activation\activation\1.1\activation-1.1.jar;C:\Users\Digient Laptop 42\.m2\repository\org\apache\pdfbox\pdfbox\2.0.16\pdfbox-2.0.16.jar;C:\Users\Digient Laptop 42\.m2\repository\org\apache\pdfbox\fontbox\2.0.16\fontbox-2.0.16.jar;C:\Users\Digient Laptop 42\.m2\repository\commons-logging\commons-logging\1.2\commons-logging-1.2.jar;C:\Users\Digient Laptop 42\.m2\repository\com\google\zxing\core\3.4.0\core-3.4.0.jar;C:\Users\Digient Laptop 42\.m2\repository\com\google\zxing\javase\3.4.0\javase-3.4.0.jar;C:\Users\Digient Laptop 42\.m2\repository\com\beust\jcommander\1.72\jcommander-1.72.jar;C:\Users\Digient Laptop 42\.m2\repository\com\github\jai-imageio\jai-imageio-core\1.4.0\jai-imageio-core-1.4.0.jar;C:\Users\Digient Laptop 42\.m2\repository\org\testng\testng\6.14.3\testng-6.14.3.jar;C:\Users\Digient Laptop 42\.m2\repository\org\apache-extras\beanshell\bsh\2.0b6\bsh-2.0b6.jar;C:\Users\Digient Laptop 42\.m2\repository\com\sikulix\sikulixapi\1.1.1\sikulixapi-1.1.1.jar;C:\Users\Digient Laptop 42\.m2\repository\commons-cli\commons-cli\1.2\commons-cli-1.2.jar;C:\Users\Digient Laptop 42\.m2\repository\commons-net\commons-net\3.4\commons-net-3.4.jar;C:\Users\Digient Laptop 42\.m2\repository\com\melloware\jintellitype\1.3.9\jintellitype-1.3.9.jar;C:\Users\Digient Laptop 42\.m2\repository\com\nativelibs4java\bridj\0.7.0\bridj-0.7.0.jar;C:\Users\Digient Laptop 42\.m2\repository\com\google\android\tools\dx\1.7\dx-1.7.jar;C:\Users\Digient Laptop 42\.m2\repository\com\sikulix\sikulixlibswin\1.1.1\sikulixlibswin-1.1.1.jar;C:\Users\Digient Laptop 42\.m2\repository\com\sikulix\sikulix1tigervnc\1.1.1\sikulix1tigervnc-1.1.1.jar;C:\Users\Digient Laptop 42\.m2\repository\ru\yandex\qatools\ashot\ashot\1.5.3\ashot-1.5.3.jar;C:\Users\Digient Laptop 42\.m2\repository\com\googlecode\lambdaj\lambdaj\2.3.3\lambdaj-2.3.3.jar;C:\Users\Digient Laptop 42\.m2\repository\org\hamcrest\hamcrest-all\1.1\hamcrest-all-1.1.jar;C:\Users\Digient Laptop 42\.m2\repository\org\objenesis\objenesis\1.2\objenesis-1.2.jar;C:\Users\Digient Laptop 42\.m2\repository\cglib\cglib-nodep\2.2\cglib-nodep-2.2.jar;C:\Users\Digient Laptop 42\.m2\repository\org\apache\maven\surefire\surefire-testng-utils\2.22.0\surefire-testng-utils-2.22.0.jar;C:\Users\Digient Laptop 42\.m2\repository\org\apache\maven\surefire\surefire-grouper\2.22.0\surefire-grouper-2.22.0.jar;"/>
    <property name="sun.cpu.endian" value="little"/>
    <property name="user.home" value="C:\Users\Digient Laptop 42"/>
    <property name="user.language" value="en"/>
    <property name="java.specification.vendor" value="Oracle Corporation"/>
    <property name="java.version.date" value="2022-10-18"/>
    <property name="java.home" value="C:\Program Files\Java\jdk-11.0.17"/>
    <property name="file.separator" value="\"/>
    <property name="basedir" value="C:\Users\Digient Laptop 42\eclipse-workspaceJose\Cicd"/>
    <property name="java.vm.compressedOopsMode" value="Zero based"/>
    <property name="line.separator" value="&#10;"/>
    <property name="java.specification.name" value="Java Platform API Specification"/>
    <property name="java.vm.specification.vendor" value="Oracle Corporation"/>
    <property name="java.awt.graphicsenv" value="sun.awt.Win32GraphicsEnvironment"/>
    <property name="surefire.real.class.path" value="C:\Users\DIGIEN~1\AppData\Local\Temp\surefire16444006760334110313\surefirebooter6286678768218407209.jar"/>
    <property name="user.script" value=""/>
    <property name="sun.management.compiler" value="HotSpot 64-Bit Tiered Compilers"/>
    <property name="java.runtime.version" value="11.0.17+10-LTS-269"/>
    <property name="user.name" value="Digient Laptop 42"/>
    <property name="path.separator" value=";"/>
    <property name="os.version" value="10.0"/>
    <property name="java.runtime.name" value="Java(TM) SE Runtime Environment"/>
    <property name="file.encoding" value="Cp1252"/>
    <property name="java.vm.name" value="Java HotSpot(TM) 64-Bit Server VM"/>
    <property name="java.vendor.version" value="18.9"/>
    <property name="localRepository" value="C:\Users\Digient Laptop 42\.m2\repository"/>
    <property name="java.vendor.url.bug" value="https://bugreport.java.com/bugreport/"/>
    <property name="java.io.tmpdir" value="C:\Users\DIGIEN~1\AppData\Local\Temp\"/>
    <property name="java.version" value="11.0.17"/>
    <property name="user.dir" value="C:\Users\Digient Laptop 42\eclipse-workspaceJose\Cicd"/>
    <property name="os.arch" value="amd64"/>
    <property name="java.vm.specification.name" value="Java Virtual Machine Specification"/>
    <property name="java.awt.printerjob" value="sun.awt.windows.WPrinterJob"/>
    <property name="sun.os.patch.level" value=""/>
    <property name="java.library.path" value="C:\Program Files\Java\jdk-11.0.17\bin;C:\Windows\Sun\Java\bin;C:\Windows\system32;C:\Windows;D:\Software\apache-maven-3.8.1/bin;C:\Program Files\Java\jdk-11.0.17/bin;C:\Program Files\Java\jdk-11.0.17/bin;C:\Program Files\Common Files\Oracle\Java\javapath;C:\Program Files (x86)\Common Files\Oracle\Java\javapath;C:\Windows\system32;C:\Windows;C:\Windows\System32\Wbem;C:\Windows\System32\WindowsPowerShell\v1.0\;C:\Windows\System32\OpenSSH\;C:\Program Files\Java\jdk-11.0.17\bin;D:\Software\apache-jmeter-5.4.1\apache-jmeter-5.4.1\bin;C:\Program Files\dotnet\;D:\Digient Automation\allure-2.19.0\bin;C:\Program Files\nodejs\;C:\Users\Digient Laptop 42\AppData\Local\Android\Sdk\tools\bin;C:\Users\Digient Laptop 42\AppData\Local\Android\Sdk\platform-tools;C:\Users\Digient Laptop 42\AppData\Local\Android\Sdk\tools;C:\Program Files\Git\cmd;C:\Users\Digient Laptop 42\AppData\Local\Microsoft\WindowsApps;D:\Software\apache-maven-3.8.1\bin;C:\Users\Digient Laptop 42\AppData\Roaming\npm;C:\Program Files\nodejs\node_modules\npm\bin;C:\Users\Digient Laptop 42\AppData\Local\Android\Sdk\tools;C:\Users\Digient Laptop 42\AppData\Local\Android\Sdk\platform-tools;;."/>
    <property name="java.vendor" value="Oracle Corporation"/>
    <property name="java.vm.info" value="mixed mode"/>
    <property name="java.vm.version" value="11.0.17+10-LTS-269"/>
    <property name="sun.io.unicode.encoding" value="UnicodeLittle"/>
    <property name="java.class.version" value="55.0"/>
  </properties>
  <testcase name="invoke" classname="Training.Baseclass" time="14.579"/>
</testsuite>