<?xml version="1.0" encoding="UTF-8"?>
<!-- Generated by org.testng.reporters.JUnitReportReporter -->
<testsuite hostname="DESKTOP-N1POFP7" failures="0" tests="1" name="Training.Baseclass" time="14.578" errors="0" timestamp="24 Mar 2023 12:18:28 GMT" skipped="0">
  <testcase classname="Training.Baseclass" name="invoke" time="14.578"/>
</testsuite> <!-- Training.Baseclass -->
