<?xml version="1.0" encoding="UTF-8"?>
<!-- Generated by org.testng.reporters.JUnitReportReporter -->
<testsuite skipped="0" hostname="DESKTOP-N1POFP7" name="Actions.Newuserregistration" tests="1" failures="0" timestamp="24 Jun 2022 04:15:22 GMT" time="44.104" errors="0">
  <testcase name="Registrationpage" time="44.104" classname="Actions.Newuserregistration"/>
</testsuite> <!-- Actions.Newuserregistration -->
