<?xml version="1.0" encoding="UTF-8"?>
<!-- Generated by org.testng.reporters.JUnitReportReporter -->
<testsuite skipped="0" hostname="DESKTOP-N1POFP7" name="Actions.Existloginaction" tests="1" failures="0" timestamp="27 Jun 2022 03:59:18 GMT" time="28.194" errors="0">
  <testcase name="Existinguser" time="28.194" classname="Actions.Existloginaction"/>
</testsuite> <!-- Actions.Existloginaction -->
