<?xml version="1.0" encoding="UTF-8"?>
<!-- Generated by org.testng.reporters.JUnitReportReporter -->
<testsuite skipped="0" hostname="DESKTOP-N1POFP7" name="Actions.Handlecheckbox" tests="1" failures="0" timestamp="29 Jul 2022 04:10:07 GMT" time="39.197" errors="0">
  <testcase name="Profilepage" time="39.197" classname="Actions.Handlecheckbox"/>
</testsuite> <!-- Actions.Handlecheckbox -->
