<?xml version="1.0" encoding="UTF-8"?>
<!-- Generated by org.testng.reporters.JUnitReportReporter -->
<testsuite skipped="0" hostname="DESKTOP-N1POFP7" name="Actions.Historyaction" tests="1" failures="0" timestamp="24 Jun 2022 04:15:22 GMT" time="47.106" errors="0">
  <testcase name="Historypage" time="47.106" classname="Actions.Historyaction"/>
</testsuite> <!-- Actions.Historyaction -->
